{"/home/ubuntu/workspace/config/blueprints.js":{"path":"/home/ubuntu/workspace/config/blueprints.js","s":{"1":1},"b":{},"f":{},"fnMap":{},"statementMap":{"1":{"start":{"line":1,"column":0},"end":{"line":13,"column":2}}},"branchMap":{}},"/home/ubuntu/workspace/config/bootstrap.js":{"path":"/home/ubuntu/workspace/config/bootstrap.js","s":{"1":1,"2":1},"b":{},"f":{"1":1},"fnMap":{"1":{"name":"(anonymous_1)","line":12,"loc":{"start":{"line":12,"column":27},"end":{"line":12,"column":40}}}},"statementMap":{"1":{"start":{"line":12,"column":0},"end":{"line":14,"column":2}},"2":{"start":{"line":13,"column":8},"end":{"line":13,"column":13}}},"branchMap":{}},"/home/ubuntu/workspace/config/connections.js":{"path":"/home/ubuntu/workspace/config/connections.js","s":{"1":1},"b":{},"f":{},"fnMap":{},"statementMap":{"1":{"start":{"line":22,"column":0},"end":{"line":92,"column":2}}},"branchMap":{}},"/home/ubuntu/workspace/config/cors.js":{"path":"/home/ubuntu/workspace/config/cors.js","s":{"1":1},"b":{},"f":{},"fnMap":{},"statementMap":{"1":{"start":{"line":29,"column":0},"end":{"line":78,"column":2}}},"branchMap":{}},"/home/ubuntu/workspace/config/csrf.js":{"path":"/home/ubuntu/workspace/config/csrf.js","s":{},"b":{},"f":{},"fnMap":{},"statementMap":{},"branchMap":{}},"/home/ubuntu/workspace/config/globals.js":{"path":"/home/ubuntu/workspace/config/globals.js","s":{"1":1},"b":{},"f":{},"fnMap":{},"statementMap":{"1":{"start":{"line":11,"column":0},"end":{"line":63,"column":2}}},"branchMap":{}},"/home/ubuntu/workspace/config/http.js":{"path":"/home/ubuntu/workspace/config/http.js","s":{"1":1},"b":{},"f":{},"fnMap":{},"statementMap":{"1":{"start":{"line":12,"column":0},"end":{"line":91,"column":2}}},"branchMap":{}},"/home/ubuntu/workspace/config/i18n.js":{"path":"/home/ubuntu/workspace/config/i18n.js","s":{"1":1},"b":{},"f":{},"fnMap":{},"statementMap":{"1":{"start":{"line":18,"column":0},"end":{"line":57,"column":2}}},"branchMap":{}},"/home/ubuntu/workspace/config/log.js":{"path":"/home/ubuntu/workspace/config/log.js","s":{"1":1},"b":{},"f":{},"fnMap":{},"statementMap":{"1":{"start":{"line":13,"column":0},"end":{"line":29,"column":2}}},"branchMap":{}},"/home/ubuntu/workspace/config/models.js":{"path":"/home/ubuntu/workspace/config/models.js","s":{"1":1},"b":{},"f":{},"fnMap":{},"statementMap":{"1":{"start":{"line":12,"column":0},"end":{"line":23,"column":2}}},"branchMap":{}},"/home/ubuntu/workspace/config/passport.js":{"path":"/home/ubuntu/workspace/config/passport.js","s":{"1":1,"2":1,"3":0,"4":1,"5":0,"6":0,"7":1,"8":0,"9":0,"10":0,"11":0,"12":0,"13":0,"14":0,"15":0,"16":0,"17":0},"b":{"1":[0,0],"2":[0,0],"3":[0,0]},"f":{"1":0,"2":0,"3":0,"4":0,"5":0,"6":0},"fnMap":{"1":{"name":"(anonymous_1)","line":5,"loc":{"start":{"line":5,"column":23},"end":{"line":5,"column":44}}},"2":{"name":"(anonymous_2)","line":9,"loc":{"start":{"line":9,"column":25},"end":{"line":9,"column":44}}},"3":{"name":"(anonymous_3)","line":10,"loc":{"start":{"line":10,"column":30},"end":{"line":10,"column":51}}},"4":{"name":"(anonymous_4)","line":19,"loc":{"start":{"line":19,"column":2},"end":{"line":19,"column":34}}},"5":{"name":"(anonymous_5)","line":21,"loc":{"start":{"line":21,"column":35},"end":{"line":21,"column":56}}},"6":{"name":"(anonymous_6)","line":27,"loc":{"start":{"line":27,"column":46},"end":{"line":27,"column":66}}}},"statementMap":{"1":{"start":{"line":1,"column":0},"end":{"line":3,"column":27}},"2":{"start":{"line":5,"column":0},"end":{"line":7,"column":3}},"3":{"start":{"line":6,"column":4},"end":{"line":6,"column":24}},"4":{"start":{"line":9,"column":0},"end":{"line":13,"column":3}},"5":{"start":{"line":10,"column":4},"end":{"line":12,"column":7}},"6":{"start":{"line":11,"column":8},"end":{"line":11,"column":24}},"7":{"start":{"line":15,"column":0},"end":{"line":43,"column":3}},"8":{"start":{"line":21,"column":4},"end":{"line":41,"column":7}},"9":{"start":{"line":22,"column":6},"end":{"line":22,"column":36}},"10":{"start":{"line":22,"column":17},"end":{"line":22,"column":34}},"11":{"start":{"line":23,"column":6},"end":{"line":25,"column":7}},"12":{"start":{"line":24,"column":8},"end":{"line":24,"column":66}},"13":{"start":{"line":27,"column":6},"end":{"line":40,"column":11}},"14":{"start":{"line":28,"column":10},"end":{"line":31,"column":15}},"15":{"start":{"line":29,"column":12},"end":{"line":31,"column":15}},"16":{"start":{"line":32,"column":10},"end":{"line":36,"column":12}},"17":{"start":{"line":37,"column":10},"end":{"line":39,"column":13}}},"branchMap":{"1":{"line":22,"type":"if","locations":[{"start":{"line":22,"column":6},"end":{"line":22,"column":6}},{"start":{"line":22,"column":6},"end":{"line":22,"column":6}}]},"2":{"line":23,"type":"if","locations":[{"start":{"line":23,"column":6},"end":{"line":23,"column":6}},{"start":{"line":23,"column":6},"end":{"line":23,"column":6}}]},"3":{"line":28,"type":"if","locations":[{"start":{"line":28,"column":10},"end":{"line":28,"column":10}},{"start":{"line":28,"column":10},"end":{"line":28,"column":10}}]}}},"/home/ubuntu/workspace/config/policies.js":{"path":"/home/ubuntu/workspace/config/policies.js","s":{"1":1},"b":{},"f":{},"fnMap":{},"statementMap":{"1":{"start":{"line":22,"column":2},"end":{"line":59,"column":2}}},"branchMap":{}},"/home/ubuntu/workspace/config/routes.js":{"path":"/home/ubuntu/workspace/config/routes.js","s":{"1":1},"b":{},"f":{},"fnMap":{},"statementMap":{"1":{"start":{"line":1,"column":0},"end":{"line":15,"column":2}}},"branchMap":{}},"/home/ubuntu/workspace/config/session.js":{"path":"/home/ubuntu/workspace/config/session.js","s":{"1":1},"b":{},"f":{},"fnMap":{},"statementMap":{"1":{"start":{"line":15,"column":0},"end":{"line":91,"column":2}}},"branchMap":{}},"/home/ubuntu/workspace/config/sockets.js":{"path":"/home/ubuntu/workspace/config/sockets.js","s":{"1":1},"b":{},"f":{},"fnMap":{},"statementMap":{"1":{"start":{"line":13,"column":0},"end":{"line":141,"column":2}}},"branchMap":{}},"/home/ubuntu/workspace/config/views.js":{"path":"/home/ubuntu/workspace/config/views.js","s":{"1":1},"b":{},"f":{},"fnMap":{},"statementMap":{"1":{"start":{"line":14,"column":0},"end":{"line":81,"column":2}}},"branchMap":{}},"/home/ubuntu/workspace/config/env/development.js":{"path":"/home/ubuntu/workspace/config/env/development.js","s":{"1":1},"b":{},"f":{},"fnMap":{},"statementMap":{"1":{"start":{"line":13,"column":0},"end":{"line":24,"column":2}}},"branchMap":{}},"/home/ubuntu/workspace/api/services/PostService.js":{"path":"/home/ubuntu/workspace/api/services/PostService.js","s":{"1":1,"2":2},"b":{},"f":{"1":2},"fnMap":{"1":{"name":"(anonymous_1)","line":8,"loc":{"start":{"line":8,"column":22},"end":{"line":8,"column":34}}}},"statementMap":{"1":{"start":{"line":7,"column":0},"end":{"line":13,"column":2}},"2":{"start":{"line":9,"column":3},"end":{"line":11,"column":27}}},"branchMap":{}},"/home/ubuntu/workspace/api/models/Edge.js":{"path":"/home/ubuntu/workspace/api/models/Edge.js","s":{"1":1},"b":{},"f":{},"fnMap":{},"statementMap":{"1":{"start":{"line":8,"column":0},"end":{"line":18,"column":2}}},"branchMap":{}},"/home/ubuntu/workspace/api/models/Game.js":{"path":"/home/ubuntu/workspace/api/models/Game.js","s":{"1":1},"b":{},"f":{},"fnMap":{},"statementMap":{"1":{"start":{"line":8,"column":0},"end":{"line":29,"column":2}}},"branchMap":{}},"/home/ubuntu/workspace/api/models/Messages.js":{"path":"/home/ubuntu/workspace/api/models/Messages.js","s":{"1":1,"2":1,"3":1,"4":1},"b":{},"f":{},"fnMap":{},"statementMap":{"1":{"start":{"line":3,"column":0},"end":{"line":8,"column":2}},"2":{"start":{"line":12,"column":0},"end":{"line":17,"column":2}},"3":{"start":{"line":21,"column":0},"end":{"line":26,"column":2}},"4":{"start":{"line":30,"column":0},"end":{"line":35,"column":2}}},"branchMap":{}},"/home/ubuntu/workspace/api/models/Permission.js":{"path":"/home/ubuntu/workspace/api/models/Permission.js","s":{"1":1},"b":{},"f":{},"fnMap":{},"statementMap":{"1":{"start":{"line":8,"column":0},"end":{"line":13,"column":2}}},"branchMap":{}},"/home/ubuntu/workspace/api/models/Planet.js":{"path":"/home/ubuntu/workspace/api/models/Planet.js","s":{"1":1},"b":{},"f":{},"fnMap":{},"statementMap":{"1":{"start":{"line":8,"column":0},"end":{"line":20,"column":2}}},"branchMap":{}},"/home/ubuntu/workspace/api/models/Post.js":{"path":"/home/ubuntu/workspace/api/models/Post.js","s":{"1":1},"b":{},"f":{},"fnMap":{},"statementMap":{"1":{"start":{"line":5,"column":0},"end":{"line":12,"column":2}}},"branchMap":{}},"/home/ubuntu/workspace/api/models/Ship.js":{"path":"/home/ubuntu/workspace/api/models/Ship.js","s":{"1":1},"b":{},"f":{},"fnMap":{},"statementMap":{"1":{"start":{"line":8,"column":0},"end":{"line":22,"column":2}}},"branchMap":{}},"/home/ubuntu/workspace/api/models/User.js":{"path":"/home/ubuntu/workspace/api/models/User.js","s":{"1":1,"2":1,"3":0,"4":0,"5":0,"6":0,"7":0,"8":0,"9":0,"10":0,"11":0,"12":0},"b":{"1":[0,0]},"f":{"1":0,"2":0,"3":0,"4":0},"fnMap":{"1":{"name":"(anonymous_1)","line":20,"loc":{"start":{"line":20,"column":16},"end":{"line":20,"column":27}}},"2":{"name":"(anonymous_2)","line":26,"loc":{"start":{"line":26,"column":18},"end":{"line":26,"column":37}}},"3":{"name":"(anonymous_3)","line":27,"loc":{"start":{"line":27,"column":27},"end":{"line":27,"column":47}}},"4":{"name":"(anonymous_4)","line":28,"loc":{"start":{"line":28,"column":45},"end":{"line":28,"column":65}}}},"statementMap":{"1":{"start":{"line":1,"column":0},"end":{"line":1,"column":31}},"2":{"start":{"line":3,"column":0},"end":{"line":39,"column":2}},"3":{"start":{"line":21,"column":12},"end":{"line":21,"column":38}},"4":{"start":{"line":22,"column":12},"end":{"line":22,"column":32}},"5":{"start":{"line":23,"column":12},"end":{"line":23,"column":23}},"6":{"start":{"line":27,"column":8},"end":{"line":37,"column":11}},"7":{"start":{"line":28,"column":12},"end":{"line":36,"column":15}},"8":{"start":{"line":29,"column":16},"end":{"line":35,"column":17}},"9":{"start":{"line":30,"column":20},"end":{"line":30,"column":37}},"10":{"start":{"line":31,"column":20},"end":{"line":31,"column":28}},"11":{"start":{"line":33,"column":20},"end":{"line":33,"column":41}},"12":{"start":{"line":34,"column":20},"end":{"line":34,"column":25}}},"branchMap":{"1":{"line":29,"type":"if","locations":[{"start":{"line":29,"column":16},"end":{"line":29,"column":16}},{"start":{"line":29,"column":16},"end":{"line":29,"column":16}}]}}},"/home/ubuntu/workspace/api/controllers/AuthController.js":{"path":"/home/ubuntu/workspace/api/controllers/AuthController.js","s":{"1":1,"2":1,"3":0,"4":0,"5":0,"6":0,"7":0,"8":0,"9":0,"10":0,"11":0},"b":{"1":[0,0],"2":[0,0],"3":[0,0]},"f":{"1":0,"2":0,"3":0,"4":0},"fnMap":{"1":{"name":"(anonymous_1)","line":11,"loc":{"start":{"line":11,"column":11},"end":{"line":11,"column":30}}},"2":{"name":"(anonymous_2)","line":13,"loc":{"start":{"line":13,"column":39},"end":{"line":13,"column":65}}},"3":{"name":"(anonymous_3)","line":21,"loc":{"start":{"line":21,"column":28},"end":{"line":21,"column":42}}},"4":{"name":"(anonymous_4)","line":34,"loc":{"start":{"line":34,"column":12},"end":{"line":34,"column":31}}}},"statementMap":{"1":{"start":{"line":1,"column":0},"end":{"line":1,"column":35}},"2":{"start":{"line":3,"column":0},"end":{"line":38,"column":2}},"3":{"start":{"line":13,"column":8},"end":{"line":31,"column":21}},"4":{"start":{"line":14,"column":12},"end":{"line":20,"column":13}},"5":{"start":{"line":16,"column":16},"end":{"line":19,"column":19}},"6":{"start":{"line":21,"column":12},"end":{"line":29,"column":15}},"7":{"start":{"line":22,"column":16},"end":{"line":22,"column":39}},"8":{"start":{"line":22,"column":25},"end":{"line":22,"column":39}},"9":{"start":{"line":23,"column":16},"end":{"line":23,"column":59}},"10":{"start":{"line":35,"column":8},"end":{"line":35,"column":21}},"11":{"start":{"line":36,"column":8},"end":{"line":36,"column":26}}},"branchMap":{"1":{"line":14,"type":"if","locations":[{"start":{"line":14,"column":12},"end":{"line":14,"column":12}},{"start":{"line":14,"column":12},"end":{"line":14,"column":12}}]},"2":{"line":14,"type":"binary-expr","locations":[{"start":{"line":14,"column":17},"end":{"line":14,"column":20}},{"start":{"line":14,"column":26},"end":{"line":14,"column":31}}]},"3":{"line":22,"type":"if","locations":[{"start":{"line":22,"column":16},"end":{"line":22,"column":16}},{"start":{"line":22,"column":16},"end":{"line":22,"column":16}}]}}},"/home/ubuntu/workspace/api/controllers/EdgeController.js":{"path":"/home/ubuntu/workspace/api/controllers/EdgeController.js","s":{"1":1},"b":{},"f":{},"fnMap":{},"statementMap":{"1":{"start":{"line":8,"column":0},"end":{"line":10,"column":2}}},"branchMap":{}},"/home/ubuntu/workspace/api/controllers/GameController.js":{"path":"/home/ubuntu/workspace/api/controllers/GameController.js","s":{"1":1},"b":{},"f":{},"fnMap":{},"statementMap":{"1":{"start":{"line":8,"column":0},"end":{"line":10,"column":2}}},"branchMap":{}},"/home/ubuntu/workspace/api/controllers/MessagesController.js":{"path":"/home/ubuntu/workspace/api/controllers/MessagesController.js","s":{"1":1},"b":{},"f":{},"fnMap":{},"statementMap":{"1":{"start":{"line":8,"column":0},"end":{"line":10,"column":2}}},"branchMap":{}},"/home/ubuntu/workspace/api/controllers/PermissionController.js":{"path":"/home/ubuntu/workspace/api/controllers/PermissionController.js","s":{"1":1,"2":0},"b":{},"f":{"1":0},"fnMap":{"1":{"name":"(anonymous_1)","line":9,"loc":{"start":{"line":9,"column":10},"end":{"line":9,"column":30}}}},"statementMap":{"1":{"start":{"line":8,"column":0},"end":{"line":12,"column":2}},"2":{"start":{"line":10,"column":8},"end":{"line":10,"column":19}}},"branchMap":{}},"/home/ubuntu/workspace/api/controllers/PlanetController.js":{"path":"/home/ubuntu/workspace/api/controllers/PlanetController.js","s":{"1":1},"b":{},"f":{},"fnMap":{},"statementMap":{"1":{"start":{"line":9,"column":0},"end":{"line":11,"column":2}}},"branchMap":{}},"/home/ubuntu/workspace/api/controllers/PostController.js":{"path":"/home/ubuntu/workspace/api/controllers/PostController.js","s":{"1":1,"2":1,"3":1},"b":{},"f":{"1":1,"2":1},"fnMap":{"1":{"name":"(anonymous_1)","line":6,"loc":{"start":{"line":6,"column":22},"end":{"line":6,"column":42}}},"2":{"name":"(anonymous_2)","line":8,"loc":{"start":{"line":8,"column":11},"end":{"line":8,"column":28}}}},"statementMap":{"1":{"start":{"line":5,"column":0},"end":{"line":13,"column":2}},"2":{"start":{"line":7,"column":3},"end":{"line":11,"column":27}},"3":{"start":{"line":9,"column":7},"end":{"line":9,"column":21}}},"branchMap":{}},"/home/ubuntu/workspace/api/controllers/ShipController.js":{"path":"/home/ubuntu/workspace/api/controllers/ShipController.js","s":{"1":1},"b":{},"f":{},"fnMap":{},"statementMap":{"1":{"start":{"line":8,"column":0},"end":{"line":10,"column":2}}},"branchMap":{}},"/home/ubuntu/workspace/api/controllers/SteemController.js":{"path":"/home/ubuntu/workspace/api/controllers/SteemController.js","s":{"1":1,"2":1},"b":{},"f":{},"fnMap":{},"statementMap":{"1":{"start":{"line":7,"column":0},"end":{"line":7,"column":29}},"2":{"start":{"line":8,"column":0},"end":{"line":10,"column":2}}},"branchMap":{}},"/home/ubuntu/workspace/api/controllers/UserController.js":{"path":"/home/ubuntu/workspace/api/controllers/UserController.js","s":{"1":1},"b":{},"f":{},"fnMap":{},"statementMap":{"1":{"start":{"line":8,"column":0},"end":{"line":9,"column":2}}},"branchMap":{}},"/home/ubuntu/workspace/api/policies/MessagesPolicy.js":{"path":"/home/ubuntu/workspace/api/policies/MessagesPolicy.js","s":{"1":1,"2":0,"3":0,"4":0,"5":0,"6":0,"7":0},"b":{"1":[0,0],"2":[0,0]},"f":{"1":0},"fnMap":{"1":{"name":"(anonymous_1)","line":1,"loc":{"start":{"line":1,"column":17},"end":{"line":1,"column":43}}}},"statementMap":{"1":{"start":{"line":1,"column":0},"end":{"line":13,"column":2}},"2":{"start":{"line":2,"column":4},"end":{"line":12,"column":5}},"3":{"start":{"line":4,"column":8},"end":{"line":8,"column":9}},"4":{"start":{"line":5,"column":12},"end":{"line":5,"column":42}},"5":{"start":{"line":6,"column":12},"end":{"line":6,"column":50}},"6":{"start":{"line":9,"column":8},"end":{"line":9,"column":15}},"7":{"start":{"line":11,"column":8},"end":{"line":11,"column":47}}},"branchMap":{"1":{"line":2,"type":"if","locations":[{"start":{"line":2,"column":4},"end":{"line":2,"column":4}},{"start":{"line":2,"column":4},"end":{"line":2,"column":4}}]},"2":{"line":4,"type":"if","locations":[{"start":{"line":4,"column":8},"end":{"line":4,"column":8}},{"start":{"line":4,"column":8},"end":{"line":4,"column":8}}]}}},"/home/ubuntu/workspace/api/policies/isAuthenticated.js":{"path":"/home/ubuntu/workspace/api/policies/isAuthenticated.js","s":{"1":1,"2":0,"3":0,"4":0},"b":{"1":[0,0]},"f":{"1":0},"fnMap":{"1":{"name":"(anonymous_1)","line":1,"loc":{"start":{"line":1,"column":17},"end":{"line":1,"column":42}}}},"statementMap":{"1":{"start":{"line":1,"column":0},"end":{"line":8,"column":2}},"2":{"start":{"line":2,"column":3},"end":{"line":7,"column":5}},"3":{"start":{"line":3,"column":8},"end":{"line":3,"column":22}},"4":{"start":{"line":6,"column":8},"end":{"line":6,"column":33}}},"branchMap":{"1":{"line":2,"type":"if","locations":[{"start":{"line":2,"column":3},"end":{"line":2,"column":3}},{"start":{"line":2,"column":3},"end":{"line":2,"column":3}}]}}}}