{"/home/tad/steemstarssails/api/services/HeartbeatService.js":{"path":"/home/tad/steemstarssails/api/services/HeartbeatService.js","s":{"1":1,"2":1,"3":1,"4":1,"5":1,"6":0,"7":0,"8":0,"9":0,"10":0,"11":0,"12":0,"13":0,"14":0,"15":0,"16":0,"17":0,"18":0,"19":0,"20":0,"21":0,"22":0,"23":0,"24":0,"25":0},"b":{"1":[0,0],"2":[0,0],"3":[0,0]},"f":{"1":1,"2":0,"3":0,"4":0,"5":0,"6":0,"7":0,"8":0},"fnMap":{"1":{"name":"(anonymous_1)","line":9,"loc":{"start":{"line":9,"column":7},"end":{"line":9,"column":18}}},"2":{"name":"(anonymous_2)","line":11,"loc":{"start":{"line":11,"column":23},"end":{"line":11,"column":44}}},"3":{"name":"afterwards","line":15,"loc":{"start":{"line":15,"column":56},"end":{"line":15,"column":90}}},"4":{"name":"afterwards","line":19,"loc":{"start":{"line":19,"column":85},"end":{"line":19,"column":118}}},"5":{"name":"callBack","line":42,"loc":{"start":{"line":42,"column":20},"end":{"line":42,"column":50}}},"6":{"name":"(anonymous_6)","line":43,"loc":{"start":{"line":43,"column":24},"end":{"line":43,"column":42}}},"7":{"name":"afterwards","line":44,"loc":{"start":{"line":44,"column":47},"end":{"line":44,"column":85}}},"8":{"name":"afterwards","line":53,"loc":{"start":{"line":53,"column":100},"end":{"line":53,"column":133}}}},"statementMap":{"1":{"start":{"line":3,"column":0},"end":{"line":3,"column":39}},"2":{"start":{"line":4,"column":0},"end":{"line":4,"column":29}},"3":{"start":{"line":5,"column":0},"end":{"line":5,"column":41}},"4":{"start":{"line":7,"column":0},"end":{"line":77,"column":1}},"5":{"start":{"line":11,"column":2},"end":{"line":73,"column":7}},"6":{"start":{"line":15,"column":6},"end":{"line":34,"column":9}},"7":{"start":{"line":18,"column":8},"end":{"line":18,"column":41}},"8":{"start":{"line":19,"column":10},"end":{"line":33,"column":13}},"9":{"start":{"line":21,"column":10},"end":{"line":26,"column":11}},"10":{"start":{"line":23,"column":12},"end":{"line":23,"column":23}},"11":{"start":{"line":24,"column":12},"end":{"line":24,"column":27}},"12":{"start":{"line":28,"column":10},"end":{"line":31,"column":13}},"13":{"start":{"line":38,"column":6},"end":{"line":38,"column":34}},"14":{"start":{"line":40,"column":6},"end":{"line":40,"column":25}},"15":{"start":{"line":42,"column":6},"end":{"line":71,"column":9}},"16":{"start":{"line":43,"column":8},"end":{"line":70,"column":11}},"17":{"start":{"line":44,"column":10},"end":{"line":69,"column":13}},"18":{"start":{"line":45,"column":12},"end":{"line":47,"column":13}},"19":{"start":{"line":46,"column":14},"end":{"line":46,"column":29}},"20":{"start":{"line":49,"column":12},"end":{"line":49,"column":94}},"21":{"start":{"line":53,"column":12},"end":{"line":66,"column":15}},"22":{"start":{"line":55,"column":12},"end":{"line":60,"column":11}},"23":{"start":{"line":57,"column":12},"end":{"line":57,"column":23}},"24":{"start":{"line":58,"column":12},"end":{"line":58,"column":27}},"25":{"start":{"line":62,"column":10},"end":{"line":64,"column":13}}},"branchMap":{"1":{"line":21,"type":"if","locations":[{"start":{"line":21,"column":10},"end":{"line":21,"column":10}},{"start":{"line":21,"column":10},"end":{"line":21,"column":10}}]},"2":{"line":45,"type":"if","locations":[{"start":{"line":45,"column":12},"end":{"line":45,"column":12}},{"start":{"line":45,"column":12},"end":{"line":45,"column":12}}]},"3":{"line":55,"type":"if","locations":[{"start":{"line":55,"column":12},"end":{"line":55,"column":12}},{"start":{"line":55,"column":12},"end":{"line":55,"column":12}}]}}},"/home/tad/steemstarssails/api/services/PlanetService.js":{"path":"/home/tad/steemstarssails/api/services/PlanetService.js","s":{"1":1},"b":{},"f":{},"fnMap":{},"statementMap":{"1":{"start":{"line":9,"column":0},"end":{"line":11,"column":5}}},"branchMap":{}},"/home/tad/steemstarssails/api/services/PostService.js":{"path":"/home/tad/steemstarssails/api/services/PostService.js","s":{"1":1,"2":0},"b":{},"f":{"1":0},"fnMap":{"1":{"name":"(anonymous_1)","line":8,"loc":{"start":{"line":8,"column":22},"end":{"line":8,"column":34}}}},"statementMap":{"1":{"start":{"line":7,"column":0},"end":{"line":13,"column":2}},"2":{"start":{"line":9,"column":3},"end":{"line":11,"column":27}}},"branchMap":{}},"/home/tad/steemstarssails/api/services/SteemService.js":{"path":"/home/tad/steemstarssails/api/services/SteemService.js","s":{"1":1,"2":1,"3":1,"4":0,"5":0,"6":0,"7":0,"8":0,"9":0,"10":0,"11":0,"12":0,"13":0,"14":0,"15":0,"16":0,"17":0,"18":0,"19":0,"20":0,"21":0},"b":{"1":[0,0],"2":[0,0],"3":[0,0],"4":[0,0],"5":[0,0],"6":[0,0],"7":[0,0],"8":[0,0],"9":[0,0]},"f":{"1":1,"2":0,"3":0,"4":0,"5":0},"fnMap":{"1":{"name":"(anonymous_1)","line":11,"loc":{"start":{"line":11,"column":8},"end":{"line":11,"column":19}}},"2":{"name":"(anonymous_2)","line":13,"loc":{"start":{"line":13,"column":36},"end":{"line":13,"column":53}}},"3":{"name":"afterwards","line":24,"loc":{"start":{"line":24,"column":52},"end":{"line":24,"column":82}}},"4":{"name":"afterwards","line":37,"loc":{"start":{"line":37,"column":52},"end":{"line":37,"column":82}}},"5":{"name":"(anonymous_5)","line":49,"loc":{"start":{"line":49,"column":182},"end":{"line":49,"column":206}}}},"statementMap":{"1":{"start":{"line":7,"column":0},"end":{"line":7,"column":29}},"2":{"start":{"line":9,"column":0},"end":{"line":63,"column":2}},"3":{"start":{"line":13,"column":2},"end":{"line":59,"column":5}},"4":{"start":{"line":14,"column":3},"end":{"line":16,"column":4}},"5":{"start":{"line":15,"column":4},"end":{"line":15,"column":15}},"6":{"start":{"line":18,"column":3},"end":{"line":46,"column":4}},"7":{"start":{"line":19,"column":6},"end":{"line":19,"column":64}},"8":{"start":{"line":22,"column":6},"end":{"line":32,"column":9}},"9":{"start":{"line":23,"column":8},"end":{"line":31,"column":11}},"10":{"start":{"line":25,"column":10},"end":{"line":30,"column":21}},"11":{"start":{"line":26,"column":20},"end":{"line":26,"column":35}},"12":{"start":{"line":34,"column":8},"end":{"line":45,"column":9}},"13":{"start":{"line":36,"column":11},"end":{"line":44,"column":13}},"14":{"start":{"line":38,"column":10},"end":{"line":43,"column":21}},"15":{"start":{"line":39,"column":20},"end":{"line":39,"column":35}},"16":{"start":{"line":47,"column":3},"end":{"line":57,"column":4}},"17":{"start":{"line":48,"column":4},"end":{"line":48,"column":76}},"18":{"start":{"line":49,"column":6},"end":{"line":56,"column":9}},"19":{"start":{"line":50,"column":8},"end":{"line":55,"column":9}},"20":{"start":{"line":51,"column":8},"end":{"line":51,"column":23}},"21":{"start":{"line":53,"column":8},"end":{"line":53,"column":40}}},"branchMap":{"1":{"line":14,"type":"if","locations":[{"start":{"line":14,"column":3},"end":{"line":14,"column":3}},{"start":{"line":14,"column":3},"end":{"line":14,"column":3}}]},"2":{"line":18,"type":"if","locations":[{"start":{"line":18,"column":3},"end":{"line":18,"column":3}},{"start":{"line":18,"column":3},"end":{"line":18,"column":3}}]},"3":{"line":18,"type":"binary-expr","locations":[{"start":{"line":18,"column":6},"end":{"line":18,"column":41}},{"start":{"line":18,"column":45},"end":{"line":18,"column":78}}]},"4":{"line":22,"type":"if","locations":[{"start":{"line":22,"column":6},"end":{"line":22,"column":6}},{"start":{"line":22,"column":6},"end":{"line":22,"column":6}}]},"5":{"line":25,"type":"if","locations":[{"start":{"line":25,"column":10},"end":{"line":25,"column":10}},{"start":{"line":25,"column":10},"end":{"line":25,"column":10}}]},"6":{"line":34,"type":"if","locations":[{"start":{"line":34,"column":8},"end":{"line":34,"column":8}},{"start":{"line":34,"column":8},"end":{"line":34,"column":8}}]},"7":{"line":38,"type":"if","locations":[{"start":{"line":38,"column":10},"end":{"line":38,"column":10}},{"start":{"line":38,"column":10},"end":{"line":38,"column":10}}]},"8":{"line":47,"type":"if","locations":[{"start":{"line":47,"column":3},"end":{"line":47,"column":3}},{"start":{"line":47,"column":3},"end":{"line":47,"column":3}}]},"9":{"line":50,"type":"if","locations":[{"start":{"line":50,"column":8},"end":{"line":50,"column":8}},{"start":{"line":50,"column":8},"end":{"line":50,"column":8}}]}}},"/home/tad/steemstarssails/api/models/Edge.js":{"path":"/home/tad/steemstarssails/api/models/Edge.js","s":{"1":1},"b":{},"f":{},"fnMap":{},"statementMap":{"1":{"start":{"line":8,"column":0},"end":{"line":42,"column":2}}},"branchMap":{}},"/home/tad/steemstarssails/api/models/Game.js":{"path":"/home/tad/steemstarssails/api/models/Game.js","s":{"1":1},"b":{},"f":{},"fnMap":{},"statementMap":{"1":{"start":{"line":7,"column":0},"end":{"line":39,"column":2}}},"branchMap":{}},"/home/tad/steemstarssails/api/models/Ideal.js":{"path":"/home/tad/steemstarssails/api/models/Ideal.js","s":{"1":1},"b":{},"f":{},"fnMap":{},"statementMap":{"1":{"start":{"line":7,"column":0},"end":{"line":21,"column":2}}},"branchMap":{}},"/home/tad/steemstarssails/api/models/Messages.js":{"path":"/home/tad/steemstarssails/api/models/Messages.js","s":{"1":1,"2":1,"3":1,"4":1},"b":{},"f":{},"fnMap":{},"statementMap":{"1":{"start":{"line":3,"column":0},"end":{"line":8,"column":2}},"2":{"start":{"line":12,"column":0},"end":{"line":17,"column":2}},"3":{"start":{"line":21,"column":0},"end":{"line":26,"column":2}},"4":{"start":{"line":30,"column":0},"end":{"line":35,"column":2}}},"branchMap":{}},"/home/tad/steemstarssails/api/models/Planet.js":{"path":"/home/tad/steemstarssails/api/models/Planet.js","s":{"1":1},"b":{},"f":{},"fnMap":{},"statementMap":{"1":{"start":{"line":8,"column":0},"end":{"line":27,"column":2}}},"branchMap":{}},"/home/tad/steemstarssails/api/models/Post.js":{"path":"/home/tad/steemstarssails/api/models/Post.js","s":{"1":1},"b":{},"f":{},"fnMap":{},"statementMap":{"1":{"start":{"line":5,"column":0},"end":{"line":12,"column":2}}},"branchMap":{}},"/home/tad/steemstarssails/api/models/Ship.js":{"path":"/home/tad/steemstarssails/api/models/Ship.js","s":{"1":1},"b":{},"f":{},"fnMap":{},"statementMap":{"1":{"start":{"line":7,"column":0},"end":{"line":22,"column":2}}},"branchMap":{}},"/home/tad/steemstarssails/api/models/User.js":{"path":"/home/tad/steemstarssails/api/models/User.js","s":{"1":1,"2":1,"3":0,"4":0,"5":0,"6":0,"7":0,"8":0,"9":0,"10":0,"11":0,"12":0,"13":0,"14":0,"15":0,"16":0,"17":0,"18":0,"19":0,"20":0,"21":0,"22":0,"23":0},"b":{"1":[0,0],"2":[0,0],"3":[0,0]},"f":{"1":0,"2":0,"3":0,"4":0,"5":0,"6":0,"7":0},"fnMap":{"1":{"name":"(anonymous_1)","line":22,"loc":{"start":{"line":22,"column":16},"end":{"line":22,"column":27}}},"2":{"name":"(anonymous_2)","line":36,"loc":{"start":{"line":36,"column":18},"end":{"line":36,"column":37}}},"3":{"name":"(anonymous_3)","line":37,"loc":{"start":{"line":37,"column":27},"end":{"line":37,"column":47}}},"4":{"name":"(anonymous_4)","line":38,"loc":{"start":{"line":38,"column":45},"end":{"line":38,"column":65}}},"5":{"name":"(anonymous_5)","line":50,"loc":{"start":{"line":50,"column":17},"end":{"line":50,"column":36}}},"6":{"name":"afterwards","line":54,"loc":{"start":{"line":54,"column":53},"end":{"line":54,"column":85}}},"7":{"name":"afterwards","line":60,"loc":{"start":{"line":60,"column":90},"end":{"line":60,"column":121}}}},"statementMap":{"1":{"start":{"line":3,"column":0},"end":{"line":3,"column":31}},"2":{"start":{"line":5,"column":0},"end":{"line":72,"column":2}},"3":{"start":{"line":23,"column":12},"end":{"line":23,"column":38}},"4":{"start":{"line":24,"column":12},"end":{"line":24,"column":32}},"5":{"start":{"line":25,"column":12},"end":{"line":25,"column":23}},"6":{"start":{"line":37,"column":8},"end":{"line":47,"column":11}},"7":{"start":{"line":38,"column":12},"end":{"line":46,"column":15}},"8":{"start":{"line":39,"column":16},"end":{"line":45,"column":17}},"9":{"start":{"line":40,"column":20},"end":{"line":40,"column":37}},"10":{"start":{"line":41,"column":20},"end":{"line":41,"column":28}},"11":{"start":{"line":43,"column":20},"end":{"line":43,"column":41}},"12":{"start":{"line":44,"column":20},"end":{"line":44,"column":25}},"13":{"start":{"line":52,"column":8},"end":{"line":52,"column":38}},"14":{"start":{"line":54,"column":8},"end":{"line":70,"column":10}},"15":{"start":{"line":56,"column":12},"end":{"line":59,"column":17}},"16":{"start":{"line":57,"column":20},"end":{"line":57,"column":35}},"17":{"start":{"line":58,"column":20},"end":{"line":58,"column":28}},"18":{"start":{"line":60,"column":12},"end":{"line":68,"column":14}},"19":{"start":{"line":61,"column":16},"end":{"line":67,"column":21}},"20":{"start":{"line":62,"column":20},"end":{"line":62,"column":35}},"21":{"start":{"line":63,"column":20},"end":{"line":63,"column":28}},"22":{"start":{"line":65,"column":20},"end":{"line":65,"column":37}},"23":{"start":{"line":66,"column":20},"end":{"line":66,"column":25}}},"branchMap":{"1":{"line":39,"type":"if","locations":[{"start":{"line":39,"column":16},"end":{"line":39,"column":16}},{"start":{"line":39,"column":16},"end":{"line":39,"column":16}}]},"2":{"line":56,"type":"if","locations":[{"start":{"line":56,"column":12},"end":{"line":56,"column":12}},{"start":{"line":56,"column":12},"end":{"line":56,"column":12}}]},"3":{"line":61,"type":"if","locations":[{"start":{"line":61,"column":16},"end":{"line":61,"column":16}},{"start":{"line":61,"column":16},"end":{"line":61,"column":16}}]}}},"/home/tad/steemstarssails/api/controllers/AuthController.js":{"path":"/home/tad/steemstarssails/api/controllers/AuthController.js","s":{"1":1,"2":1,"3":0,"4":0,"5":0,"6":0,"7":0,"8":0,"9":0,"10":0,"11":0,"12":0,"13":0},"b":{"1":[0,0],"2":[0,0],"3":[0,0]},"f":{"1":0,"2":0,"3":0,"4":0},"fnMap":{"1":{"name":"(anonymous_1)","line":20,"loc":{"start":{"line":20,"column":11},"end":{"line":20,"column":30}}},"2":{"name":"(anonymous_2)","line":24,"loc":{"start":{"line":24,"column":39},"end":{"line":24,"column":65}}},"3":{"name":"(anonymous_3)","line":32,"loc":{"start":{"line":32,"column":28},"end":{"line":32,"column":42}}},"4":{"name":"(anonymous_4)","line":47,"loc":{"start":{"line":47,"column":12},"end":{"line":47,"column":31}}}},"statementMap":{"1":{"start":{"line":8,"column":0},"end":{"line":8,"column":35}},"2":{"start":{"line":10,"column":0},"end":{"line":51,"column":2}},"3":{"start":{"line":24,"column":8},"end":{"line":42,"column":21}},"4":{"start":{"line":25,"column":12},"end":{"line":31,"column":13}},"5":{"start":{"line":26,"column":16},"end":{"line":26,"column":59}},"6":{"start":{"line":27,"column":16},"end":{"line":30,"column":19}},"7":{"start":{"line":32,"column":12},"end":{"line":40,"column":15}},"8":{"start":{"line":33,"column":16},"end":{"line":33,"column":39}},"9":{"start":{"line":33,"column":25},"end":{"line":33,"column":39}},"10":{"start":{"line":34,"column":16},"end":{"line":34,"column":59}},"11":{"start":{"line":35,"column":16},"end":{"line":39,"column":19}},"12":{"start":{"line":48,"column":8},"end":{"line":48,"column":21}},"13":{"start":{"line":49,"column":8},"end":{"line":49,"column":26}}},"branchMap":{"1":{"line":25,"type":"if","locations":[{"start":{"line":25,"column":12},"end":{"line":25,"column":12}},{"start":{"line":25,"column":12},"end":{"line":25,"column":12}}]},"2":{"line":25,"type":"binary-expr","locations":[{"start":{"line":25,"column":17},"end":{"line":25,"column":20}},{"start":{"line":25,"column":26},"end":{"line":25,"column":31}}]},"3":{"line":33,"type":"if","locations":[{"start":{"line":33,"column":16},"end":{"line":33,"column":16}},{"start":{"line":33,"column":16},"end":{"line":33,"column":16}}]}}},"/home/tad/steemstarssails/api/controllers/EdgeController.js":{"path":"/home/tad/steemstarssails/api/controllers/EdgeController.js","s":{"1":1},"b":{},"f":{},"fnMap":{},"statementMap":{"1":{"start":{"line":7,"column":0},"end":{"line":9,"column":2}}},"branchMap":{}},"/home/tad/steemstarssails/api/controllers/GameController.js":{"path":"/home/tad/steemstarssails/api/controllers/GameController.js","s":{"1":1},"b":{},"f":{},"fnMap":{},"statementMap":{"1":{"start":{"line":7,"column":0},"end":{"line":9,"column":2}}},"branchMap":{}},"/home/tad/steemstarssails/api/controllers/IdealController.js":{"path":"/home/tad/steemstarssails/api/controllers/IdealController.js","s":{"1":1},"b":{},"f":{},"fnMap":{},"statementMap":{"1":{"start":{"line":7,"column":0},"end":{"line":9,"column":2}}},"branchMap":{}},"/home/tad/steemstarssails/api/controllers/MessagesController.js":{"path":"/home/tad/steemstarssails/api/controllers/MessagesController.js","s":{"1":1},"b":{},"f":{},"fnMap":{},"statementMap":{"1":{"start":{"line":7,"column":0},"end":{"line":9,"column":2}}},"branchMap":{}},"/home/tad/steemstarssails/api/controllers/PermissionController.js":{"path":"/home/tad/steemstarssails/api/controllers/PermissionController.js","s":{"1":1,"2":0,"3":0,"4":0,"5":0,"6":0,"7":0,"8":0,"9":0,"10":0,"11":0,"12":0,"13":0,"14":0,"15":0,"16":0,"17":0},"b":{"1":[0,0],"2":[0,0],"3":[0,0],"4":[0,0]},"f":{"1":0,"2":0,"3":0,"4":0},"fnMap":{"1":{"name":"(anonymous_1)","line":12,"loc":{"start":{"line":12,"column":7},"end":{"line":12,"column":26}}},"2":{"name":"(anonymous_2)","line":21,"loc":{"start":{"line":21,"column":9},"end":{"line":21,"column":28}}},"3":{"name":"(anonymous_3)","line":32,"loc":{"start":{"line":32,"column":8},"end":{"line":32,"column":27}}},"4":{"name":"(anonymous_4)","line":43,"loc":{"start":{"line":43,"column":9},"end":{"line":43,"column":28}}}},"statementMap":{"1":{"start":{"line":8,"column":0},"end":{"line":52,"column":1}},"2":{"start":{"line":13,"column":3},"end":{"line":18,"column":5}},"3":{"start":{"line":14,"column":8},"end":{"line":14,"column":19}},"4":{"start":{"line":17,"column":8},"end":{"line":17,"column":33}},"5":{"start":{"line":18,"column":5},"end":{"line":18,"column":16}},"6":{"start":{"line":22,"column":3},"end":{"line":27,"column":5}},"7":{"start":{"line":23,"column":8},"end":{"line":23,"column":19}},"8":{"start":{"line":26,"column":8},"end":{"line":26,"column":33}},"9":{"start":{"line":27,"column":5},"end":{"line":27,"column":16}},"10":{"start":{"line":33,"column":3},"end":{"line":38,"column":5}},"11":{"start":{"line":34,"column":8},"end":{"line":34,"column":19}},"12":{"start":{"line":37,"column":8},"end":{"line":37,"column":33}},"13":{"start":{"line":38,"column":5},"end":{"line":38,"column":16}},"14":{"start":{"line":44,"column":3},"end":{"line":49,"column":5}},"15":{"start":{"line":45,"column":8},"end":{"line":45,"column":19}},"16":{"start":{"line":48,"column":8},"end":{"line":48,"column":33}},"17":{"start":{"line":49,"column":5},"end":{"line":49,"column":16}}},"branchMap":{"1":{"line":13,"type":"if","locations":[{"start":{"line":13,"column":3},"end":{"line":13,"column":3}},{"start":{"line":13,"column":3},"end":{"line":13,"column":3}}]},"2":{"line":22,"type":"if","locations":[{"start":{"line":22,"column":3},"end":{"line":22,"column":3}},{"start":{"line":22,"column":3},"end":{"line":22,"column":3}}]},"3":{"line":33,"type":"if","locations":[{"start":{"line":33,"column":3},"end":{"line":33,"column":3}},{"start":{"line":33,"column":3},"end":{"line":33,"column":3}}]},"4":{"line":44,"type":"if","locations":[{"start":{"line":44,"column":3},"end":{"line":44,"column":3}},{"start":{"line":44,"column":3},"end":{"line":44,"column":3}}]}}},"/home/tad/steemstarssails/api/controllers/PlanetController.js":{"path":"/home/tad/steemstarssails/api/controllers/PlanetController.js","s":{"1":1},"b":{},"f":{},"fnMap":{},"statementMap":{"1":{"start":{"line":7,"column":0},"end":{"line":9,"column":2}}},"branchMap":{}},"/home/tad/steemstarssails/api/controllers/PostController.js":{"path":"/home/tad/steemstarssails/api/controllers/PostController.js","s":{"1":1,"2":0,"3":0},"b":{},"f":{"1":0,"2":0},"fnMap":{"1":{"name":"(anonymous_1)","line":6,"loc":{"start":{"line":6,"column":22},"end":{"line":6,"column":42}}},"2":{"name":"(anonymous_2)","line":8,"loc":{"start":{"line":8,"column":11},"end":{"line":8,"column":28}}}},"statementMap":{"1":{"start":{"line":5,"column":0},"end":{"line":13,"column":2}},"2":{"start":{"line":7,"column":3},"end":{"line":11,"column":27}},"3":{"start":{"line":9,"column":7},"end":{"line":9,"column":21}}},"branchMap":{}},"/home/tad/steemstarssails/api/controllers/ShipController.js":{"path":"/home/tad/steemstarssails/api/controllers/ShipController.js","s":{"1":1},"b":{},"f":{},"fnMap":{},"statementMap":{"1":{"start":{"line":7,"column":0},"end":{"line":9,"column":2}}},"branchMap":{}},"/home/tad/steemstarssails/api/controllers/UserController.js":{"path":"/home/tad/steemstarssails/api/controllers/UserController.js","s":{"1":1},"b":{},"f":{},"fnMap":{},"statementMap":{"1":{"start":{"line":7,"column":0},"end":{"line":8,"column":2}}},"branchMap":{}},"/home/tad/steemstarssails/api/policies/isAuthenticated.js":{"path":"/home/tad/steemstarssails/api/policies/isAuthenticated.js","s":{"1":1,"2":0,"3":0,"4":0},"b":{"1":[0,0]},"f":{"1":0},"fnMap":{"1":{"name":"(anonymous_1)","line":3,"loc":{"start":{"line":3,"column":17},"end":{"line":3,"column":42}}}},"statementMap":{"1":{"start":{"line":3,"column":0},"end":{"line":10,"column":2}},"2":{"start":{"line":4,"column":3},"end":{"line":9,"column":5}},"3":{"start":{"line":5,"column":8},"end":{"line":5,"column":22}},"4":{"start":{"line":8,"column":8},"end":{"line":8,"column":33}}},"branchMap":{"1":{"line":4,"type":"if","locations":[{"start":{"line":4,"column":3},"end":{"line":4,"column":3}},{"start":{"line":4,"column":3},"end":{"line":4,"column":3}}]}}}}