TN:
SF:/home/tad/steemstarssails/api/services/HeartbeatService.js
FN:9,(anonymous_1)
FN:11,(anonymous_2)
FN:15,afterwards
FN:19,afterwards
FN:42,callBack
FN:43,(anonymous_6)
FN:44,afterwards
FN:53,afterwards
FNF:8
FNH:1
FNDA:1,(anonymous_1)
FNDA:0,(anonymous_2)
FNDA:0,afterwards
FNDA:0,afterwards
FNDA:0,callBack
FNDA:0,(anonymous_6)
FNDA:0,afterwards
FNDA:0,afterwards
DA:3,1
DA:4,1
DA:5,1
DA:7,1
DA:11,1
DA:15,0
DA:18,0
DA:19,0
DA:21,0
DA:23,0
DA:24,0
DA:28,0
DA:38,0
DA:40,0
DA:42,0
DA:43,0
DA:44,0
DA:45,0
DA:46,0
DA:49,0
DA:53,0
DA:55,0
DA:57,0
DA:58,0
DA:62,0
LF:25
LH:5
BRDA:21,1,0,0
BRDA:21,1,1,0
BRDA:45,2,0,0
BRDA:45,2,1,0
BRDA:55,3,0,0
BRDA:55,3,1,0
BRF:6
BRH:0
end_of_record
TN:
SF:/home/tad/steemstarssails/api/services/PlanetService.js
FNF:0
FNH:0
DA:9,1
LF:1
LH:1
BRF:0
BRH:0
end_of_record
TN:
SF:/home/tad/steemstarssails/api/services/PostService.js
FN:8,(anonymous_1)
FNF:1
FNH:0
FNDA:0,(anonymous_1)
DA:7,1
DA:9,0
LF:2
LH:1
BRF:0
BRH:0
end_of_record
TN:
SF:/home/tad/steemstarssails/api/services/SteemService.js
FN:11,(anonymous_1)
FN:13,(anonymous_2)
FN:24,afterwards
FN:37,afterwards
FN:49,(anonymous_5)
FNF:5
FNH:1
FNDA:1,(anonymous_1)
FNDA:0,(anonymous_2)
FNDA:0,afterwards
FNDA:0,afterwards
FNDA:0,(anonymous_5)
DA:7,1
DA:9,1
DA:13,1
DA:14,0
DA:15,0
DA:18,0
DA:19,0
DA:22,0
DA:23,0
DA:25,0
DA:26,0
DA:34,0
DA:36,0
DA:38,0
DA:39,0
DA:47,0
DA:48,0
DA:49,0
DA:50,0
DA:51,0
DA:53,0
LF:21
LH:3
BRDA:14,1,0,0
BRDA:14,1,1,0
BRDA:18,2,0,0
BRDA:18,2,1,0
BRDA:18,3,0,0
BRDA:18,3,1,0
BRDA:22,4,0,0
BRDA:22,4,1,0
BRDA:25,5,0,0
BRDA:25,5,1,0
BRDA:34,6,0,0
BRDA:34,6,1,0
BRDA:38,7,0,0
BRDA:38,7,1,0
BRDA:47,8,0,0
BRDA:47,8,1,0
BRDA:50,9,0,0
BRDA:50,9,1,0
BRF:18
BRH:0
end_of_record
TN:
SF:/home/tad/steemstarssails/api/models/Edge.js
FNF:0
FNH:0
DA:8,1
LF:1
LH:1
BRF:0
BRH:0
end_of_record
TN:
SF:/home/tad/steemstarssails/api/models/Game.js
FNF:0
FNH:0
DA:7,1
LF:1
LH:1
BRF:0
BRH:0
end_of_record
TN:
SF:/home/tad/steemstarssails/api/models/Ideal.js
FNF:0
FNH:0
DA:7,1
LF:1
LH:1
BRF:0
BRH:0
end_of_record
TN:
SF:/home/tad/steemstarssails/api/models/Messages.js
FNF:0
FNH:0
DA:3,1
DA:12,1
DA:21,1
DA:30,1
LF:4
LH:4
BRF:0
BRH:0
end_of_record
TN:
SF:/home/tad/steemstarssails/api/models/Planet.js
FNF:0
FNH:0
DA:8,1
LF:1
LH:1
BRF:0
BRH:0
end_of_record
TN:
SF:/home/tad/steemstarssails/api/models/Post.js
FNF:0
FNH:0
DA:5,1
LF:1
LH:1
BRF:0
BRH:0
end_of_record
TN:
SF:/home/tad/steemstarssails/api/models/Ship.js
FNF:0
FNH:0
DA:7,1
LF:1
LH:1
BRF:0
BRH:0
end_of_record
TN:
SF:/home/tad/steemstarssails/api/models/User.js
FN:22,(anonymous_1)
FN:36,(anonymous_2)
FN:37,(anonymous_3)
FN:38,(anonymous_4)
FN:50,(anonymous_5)
FN:54,afterwards
FN:60,afterwards
FNF:7
FNH:0
FNDA:0,(anonymous_1)
FNDA:0,(anonymous_2)
FNDA:0,(anonymous_3)
FNDA:0,(anonymous_4)
FNDA:0,(anonymous_5)
FNDA:0,afterwards
FNDA:0,afterwards
DA:3,1
DA:5,1
DA:23,0
DA:24,0
DA:25,0
DA:37,0
DA:38,0
DA:39,0
DA:40,0
DA:41,0
DA:43,0
DA:44,0
DA:52,0
DA:54,0
DA:56,0
DA:57,0
DA:58,0
DA:60,0
DA:61,0
DA:62,0
DA:63,0
DA:65,0
DA:66,0
LF:23
LH:2
BRDA:39,1,0,0
BRDA:39,1,1,0
BRDA:56,2,0,0
BRDA:56,2,1,0
BRDA:61,3,0,0
BRDA:61,3,1,0
BRF:6
BRH:0
end_of_record
TN:
SF:/home/tad/steemstarssails/api/controllers/AuthController.js
FN:20,(anonymous_1)
FN:24,(anonymous_2)
FN:32,(anonymous_3)
FN:47,(anonymous_4)
FNF:4
FNH:0
FNDA:0,(anonymous_1)
FNDA:0,(anonymous_2)
FNDA:0,(anonymous_3)
FNDA:0,(anonymous_4)
DA:8,1
DA:10,1
DA:24,0
DA:25,0
DA:26,0
DA:27,0
DA:32,0
DA:33,0
DA:34,0
DA:35,0
DA:48,0
DA:49,0
LF:12
LH:2
BRDA:25,1,0,0
BRDA:25,1,1,0
BRDA:25,2,0,0
BRDA:25,2,1,0
BRDA:33,3,0,0
BRDA:33,3,1,0
BRF:6
BRH:0
end_of_record
TN:
SF:/home/tad/steemstarssails/api/controllers/EdgeController.js
FNF:0
FNH:0
DA:7,1
LF:1
LH:1
BRF:0
BRH:0
end_of_record
TN:
SF:/home/tad/steemstarssails/api/controllers/GameController.js
FNF:0
FNH:0
DA:7,1
LF:1
LH:1
BRF:0
BRH:0
end_of_record
TN:
SF:/home/tad/steemstarssails/api/controllers/IdealController.js
FNF:0
FNH:0
DA:7,1
LF:1
LH:1
BRF:0
BRH:0
end_of_record
TN:
SF:/home/tad/steemstarssails/api/controllers/MessagesController.js
FNF:0
FNH:0
DA:7,1
LF:1
LH:1
BRF:0
BRH:0
end_of_record
TN:
SF:/home/tad/steemstarssails/api/controllers/PermissionController.js
FN:12,(anonymous_1)
FN:21,(anonymous_2)
FN:32,(anonymous_3)
FN:43,(anonymous_4)
FNF:4
FNH:0
FNDA:0,(anonymous_1)
FNDA:0,(anonymous_2)
FNDA:0,(anonymous_3)
FNDA:0,(anonymous_4)
DA:8,1
DA:13,0
DA:14,0
DA:17,0
DA:18,0
DA:22,0
DA:23,0
DA:26,0
DA:27,0
DA:33,0
DA:34,0
DA:37,0
DA:38,0
DA:44,0
DA:45,0
DA:48,0
DA:49,0
LF:17
LH:1
BRDA:13,1,0,0
BRDA:13,1,1,0
BRDA:22,2,0,0
BRDA:22,2,1,0
BRDA:33,3,0,0
BRDA:33,3,1,0
BRDA:44,4,0,0
BRDA:44,4,1,0
BRF:8
BRH:0
end_of_record
TN:
SF:/home/tad/steemstarssails/api/controllers/PlanetController.js
FNF:0
FNH:0
DA:7,1
LF:1
LH:1
BRF:0
BRH:0
end_of_record
TN:
SF:/home/tad/steemstarssails/api/controllers/PostController.js
FN:6,(anonymous_1)
FN:8,(anonymous_2)
FNF:2
FNH:0
FNDA:0,(anonymous_1)
FNDA:0,(anonymous_2)
DA:5,1
DA:7,0
DA:9,0
LF:3
LH:1
BRF:0
BRH:0
end_of_record
TN:
SF:/home/tad/steemstarssails/api/controllers/ShipController.js
FNF:0
FNH:0
DA:7,1
LF:1
LH:1
BRF:0
BRH:0
end_of_record
TN:
SF:/home/tad/steemstarssails/api/controllers/UserController.js
FNF:0
FNH:0
DA:7,1
LF:1
LH:1
BRF:0
BRH:0
end_of_record
TN:
SF:/home/tad/steemstarssails/api/policies/isAuthenticated.js
FN:3,(anonymous_1)
FNF:1
FNH:0
FNDA:0,(anonymous_1)
DA:3,1
DA:4,0
DA:5,0
DA:8,0
LF:4
LH:1
BRDA:4,1,0,0
BRDA:4,1,1,0
BRF:2
BRH:0
end_of_record
